This is pdfTeX, Version 3.1415926-1.40.10 (TeX Live 2009/Debian) (format=pdflatex 2011.5.27)  8 DEC 2011 23:39
entering extended mode
 %&-line parsing enabled.
**paper.tex
(./paper.tex
LaTeX2e <2009/09/24>
Babel <v3.8l> and hyphenation patterns for english, usenglishmax, dumylang, noh
yphenation, loaded.
(/usr/share/texmf-texlive/tex/latex/base/article.cls
Document Class: article 2007/10/19 v1.4h Standard LaTeX document class
(/usr/share/texmf-texlive/tex/latex/base/size10.clo
File: size10.clo 2007/10/19 v1.4h Standard LaTeX file (size option)
)
\c@part=\count79
\c@section=\count80
\c@subsection=\count81
\c@subsubsection=\count82
\c@paragraph=\count83
\c@subparagraph=\count84
\c@figure=\count85
\c@table=\count86
\abovecaptionskip=\skip41
\belowcaptionskip=\skip42
\bibindent=\dimen102
)
(/usr/share/texmf-texlive/tex/latex/geometry/geometry.sty
Package: geometry 2008/12/21 v4.2 Page Geometry

(/usr/share/texmf-texlive/tex/latex/graphics/keyval.sty
Package: keyval 1999/03/16 v1.13 key=value parser (DPC)
\KV@toks@=\toks14
)
(/usr/share/texmf-texlive/tex/generic/oberdiek/ifpdf.sty
Package: ifpdf 2009/04/10 v2.0 Provides the ifpdf switch (HO)
Package ifpdf Info: pdfTeX in pdf mode detected.
)
(/usr/share/texmf-texlive/tex/generic/oberdiek/ifvtex.sty
Package: ifvtex 2008/11/04 v1.4 Switches for detecting VTeX and its modes (HO)
Package ifvtex Info: VTeX not detected.
)
\Gm@cnth=\count87
\Gm@cntv=\count88
\c@Gm@tempcnt=\count89
\Gm@bindingoffset=\dimen103
\Gm@wd@mp=\dimen104
\Gm@odd@mp=\dimen105
\Gm@even@mp=\dimen106
\Gm@dimlist=\toks15

(/usr/share/texmf-texlive/tex/xelatex/xetexconfig/geometry.cfg))
(/usr/share/texmf-texlive/tex/latex/tools/multicol.sty
Package: multicol 2008/12/05 v1.6h multicolumn formatting (FMi)
\c@tracingmulticols=\count90
\mult@box=\box26
\multicol@leftmargin=\dimen107
\c@unbalance=\count91
\c@collectmore=\count92
\doublecol@number=\count93
\multicoltolerance=\count94
\multicolpretolerance=\count95
\full@width=\dimen108
\page@free=\dimen109
\premulticols=\dimen110
\postmulticols=\dimen111
\multicolsep=\skip43
\multicolbaselineskip=\skip44
\partial@page=\box27
\last@line=\box28
\mult@rightbox=\box29
\mult@grightbox=\box30
\mult@gfirstbox=\box31
\mult@firstbox=\box32
\@tempa=\box33
\@tempa=\box34
\@tempa=\box35
\@tempa=\box36
\@tempa=\box37
\@tempa=\box38
\@tempa=\box39
\@tempa=\box40
\@tempa=\box41
\@tempa=\box42
\@tempa=\box43
\@tempa=\box44
\@tempa=\box45
\@tempa=\box46
\@tempa=\box47
\@tempa=\box48
\@tempa=\box49
\c@columnbadness=\count96
\c@finalcolumnbadness=\count97
\last@try=\dimen112
\multicolovershoot=\dimen113
\multicolundershoot=\dimen114
\mult@nat@firstbox=\box50
\colbreak@box=\box51
)
(/usr/share/texmf-texlive/tex/latex/ltxmisc/url.sty
\Urlmuskip=\muskip10
Package: url 2006/04/12  ver 3.3  Verb mode for urls, etc.
) (./paper.aux)
\openout1 = `paper.aux'.

LaTeX Font Info:    Checking defaults for OML/cmm/m/it on input line 8.
LaTeX Font Info:    ... okay on input line 8.
LaTeX Font Info:    Checking defaults for T1/cmr/m/n on input line 8.
LaTeX Font Info:    ... okay on input line 8.
LaTeX Font Info:    Checking defaults for OT1/cmr/m/n on input line 8.
LaTeX Font Info:    ... okay on input line 8.
LaTeX Font Info:    Checking defaults for OMS/cmsy/m/n on input line 8.
LaTeX Font Info:    ... okay on input line 8.
LaTeX Font Info:    Checking defaults for OMX/cmex/m/n on input line 8.
LaTeX Font Info:    ... okay on input line 8.
LaTeX Font Info:    Checking defaults for U/cmr/m/n on input line 8.
LaTeX Font Info:    ... okay on input line 8.

*geometry auto-detecting driver*
*geometry detected driver: pdftex*
-------------------- Geometry parameters
paper: class default
landscape: --
twocolumn: --
twoside: --
asymmetric: --
h-parts: 71.13188pt, 472.03123pt, 71.13188pt
v-parts: 71.13188pt, 652.70622pt, 71.13188pt
hmarginratio: --
vmarginratio: --
lines: --
heightrounded: --
bindingoffset: 0.0pt
truedimen: --
includehead: --
includefoot: --
includemp: --
driver: pdftex
-------------------- Page layout dimensions and switches
\paperwidth  614.295pt
\paperheight 794.96999pt
\textwidth  472.03123pt
\textheight 652.70622pt
\oddsidemargin  -1.1381pt
\evensidemargin -1.1381pt
\topmargin  -38.1381pt
\headheight 12.0pt
\headsep    25.0pt
\footskip   30.0pt
\marginparwidth 65.0pt
\marginparsep   11.0pt
\columnsep  10.0pt
\skip\footins  9.0pt plus 4.0pt minus 2.0pt
\hoffset 0.0pt
\voffset 0.0pt
\mag 1000

(1in=72.27pt, 1cm=28.45pt)
-----------------------
LaTeX Font Info:    External font `cmex10' loaded for size
(Font)              <12> on input line 15.
LaTeX Font Info:    External font `cmex10' loaded for size
(Font)              <8> on input line 15.
LaTeX Font Info:    External font `cmex10' loaded for size
(Font)              <6> on input line 15.
LaTeX Font Info:    External font `cmex10' loaded for size
(Font)              <7> on input line 64.
LaTeX Font Info:    External font `cmex10' loaded for size
(Font)              <5> on input line 64.
[1

{/var/lib/texmf/fonts/map/pdftex/updmap/pdftex.map}] [2]
Underfull \hbox (badness 6608) in paragraph at lines 207--207
\OT1/cmr/bx/n/12 Vari-abil-ity for Hy-per-vi-sor IO
 []

[3] [4] [5] (./paper.aux) ) 
Here is how much of TeX's memory you used:
 831 strings out of 495061
 11216 string characters out of 1182621
 70920 words of memory out of 3000000
 4054 multiletter control sequences out of 15000+50000
 8634 words of font info for 30 fonts, out of 3000000 for 9000
 28 hyphenation exceptions out of 8191
 24i,4n,32p,171b,337s stack positions out of 5000i,500n,10000p,200000b,50000s
</usr/share/texmf-texlive/fonts/type1/public/amsfont
s/cm/cmbx12.pfb></usr/share/texmf-texlive/fonts/type1/public/amsfonts/cm/cmmi10
.pfb></usr/share/texmf-texlive/fonts/type1/public/amsfonts/cm/cmmi7.pfb></usr/s
hare/texmf-texlive/fonts/type1/public/amsfonts/cm/cmr10.pfb></usr/share/texmf-t
exlive/fonts/type1/public/amsfonts/cm/cmr17.pfb></usr/share/texmf-texlive/fonts
/type1/public/amsfonts/cm/cmr7.pfb></usr/share/texmf-texlive/fonts/type1/public
/amsfonts/cm/cmr8.pfb></usr/share/texmf-texlive/fonts/type1/public/amsfonts/cm/
cmsy10.pfb></usr/share/texmf-texlive/fonts/type1/public/amsfonts/cm/cmti10.pfb>
</usr/share/texmf-texlive/fonts/type1/public/amsfonts/cm/cmti7.pfb></usr/share/
texmf-texlive/fonts/type1/public/amsfonts/cm/cmti8.pfb>
Output written on paper.pdf (5 pages, 173872 bytes).
PDF statistics:
 62 PDF objects out of 1000 (max. 8388607)
 0 named destinations out of 1000 (max. 500000)
 1 words of extra memory for PDF output out of 10000 (max. 10000000)

